Configuration batch_size  : 64 ,epochs : 200 ,learning_rate : 0.001 , patience : 10 , device : cuda
Files already downloaded and verified
Files already downloaded and verified
Training Rotation task
Epoch 1/200, Loss: 0.9966
Epoch 2/200, Loss: 0.8501
Epoch 3/200, Loss: 0.7901
Epoch 4/200, Loss: 0.7456
Epoch 5/200, Loss: 0.7167
Epoch 6/200, Loss: 0.6898
Epoch 7/200, Loss: 0.6682
Epoch 8/200, Loss: 0.6478
Epoch 9/200, Loss: 0.6293
Epoch 10/200, Loss: 0.6158
Epoch 11/200, Loss: 0.6000
Epoch 12/200, Loss: 0.5896
Epoch 13/200, Loss: 0.5782
Epoch 14/200, Loss: 0.5640
Epoch 15/200, Loss: 0.5569
Epoch 16/200, Loss: 0.5476
Epoch 17/200, Loss: 0.5391
Epoch 18/200, Loss: 0.5312
Epoch 19/200, Loss: 0.5235
Epoch 20/200, Loss: 0.5177
Epoch 21/200, Loss: 0.5109
Epoch 22/200, Loss: 0.5049
Epoch 23/200, Loss: 0.4981
Epoch 24/200, Loss: 0.4925
Epoch 25/200, Loss: 0.4857
Epoch 26/200, Loss: 0.4802
Epoch 27/200, Loss: 0.4774
Epoch 28/200, Loss: 0.4687
Epoch 29/200, Loss: 0.4670
Epoch 30/200, Loss: 0.4623
Epoch 31/200, Loss: 0.4558
Epoch 32/200, Loss: 0.4541
Epoch 33/200, Loss: 0.4486
Epoch 34/200, Loss: 0.4444
Epoch 35/200, Loss: 0.4427
Epoch 36/200, Loss: 0.4384
Epoch 37/200, Loss: 0.4344
Epoch 38/200, Loss: 0.4300
Epoch 39/200, Loss: 0.4262
Epoch 40/200, Loss: 0.4257
Epoch 41/200, Loss: 0.4225
Epoch 42/200, Loss: 0.4178
Epoch 43/200, Loss: 0.4163
Epoch 44/200, Loss: 0.4134
Epoch 45/200, Loss: 0.4107
Epoch 46/200, Loss: 0.4085
Epoch 47/200, Loss: 0.4067
Epoch 48/200, Loss: 0.4017
Epoch 49/200, Loss: 0.4009
Epoch 50/200, Loss: 0.3962
Epoch 51/200, Loss: 0.3961
Epoch 52/200, Loss: 0.3925
Epoch 53/200, Loss: 0.3890
Epoch 54/200, Loss: 0.3896
Epoch 55/200, Loss: 0.3873
Epoch 56/200, Loss: 0.3847
Epoch 57/200, Loss: 0.3824
Epoch 58/200, Loss: 0.3802
Epoch 59/200, Loss: 0.3775
Epoch 60/200, Loss: 0.3759
Epoch 61/200, Loss: 0.3751
Epoch 62/200, Loss: 0.3748
Epoch 63/200, Loss: 0.3704
Epoch 64/200, Loss: 0.3686
Epoch 65/200, Loss: 0.3674
Epoch 66/200, Loss: 0.3648
Epoch 67/200, Loss: 0.3650
Epoch 68/200, Loss: 0.3627
Epoch 69/200, Loss: 0.3599
Epoch 70/200, Loss: 0.3607
Epoch 71/200, Loss: 0.3545
Epoch 72/200, Loss: 0.3546
Epoch 73/200, Loss: 0.3549
Epoch 74/200, Loss: 0.3560
Epoch 75/200, Loss: 0.3516
Epoch 76/200, Loss: 0.3505
Epoch 77/200, Loss: 0.3462
Epoch 78/200, Loss: 0.3474
Epoch 79/200, Loss: 0.3455
Epoch 80/200, Loss: 0.3445
Epoch 81/200, Loss: 0.3415
Epoch 82/200, Loss: 0.3412
Epoch 83/200, Loss: 0.3386
Epoch 84/200, Loss: 0.3391
Epoch 85/200, Loss: 0.3361
Epoch 86/200, Loss: 0.3345
Epoch 87/200, Loss: 0.3346
Epoch 88/200, Loss: 0.3325
Epoch 89/200, Loss: 0.3328
Epoch 90/200, Loss: 0.3326
Epoch 91/200, Loss: 0.3312
Epoch 92/200, Loss: 0.3311
Epoch 93/200, Loss: 0.3275
Epoch 94/200, Loss: 0.3249
Epoch 95/200, Loss: 0.3248
Epoch 96/200, Loss: 0.3262
Epoch 97/200, Loss: 0.3220
Epoch 98/200, Loss: 0.3221
Epoch 99/200, Loss: 0.3233
Epoch 100/200, Loss: 0.3213
Epoch 101/200, Loss: 0.3225
Epoch 102/200, Loss: 0.3187
Epoch 103/200, Loss: 0.3181
Epoch 104/200, Loss: 0.3187
Epoch 105/200, Loss: 0.3154
Epoch 106/200, Loss: 0.3148
Epoch 107/200, Loss: 0.3134
Epoch 108/200, Loss: 0.3133
Epoch 109/200, Loss: 0.3111
Epoch 110/200, Loss: 0.3106
Epoch 111/200, Loss: 0.3096
Epoch 112/200, Loss: 0.3104
Epoch 113/200, Loss: 0.3087
Epoch 114/200, Loss: 0.3089
Epoch 115/200, Loss: 0.3075
Epoch 116/200, Loss: 0.3060
Epoch 117/200, Loss: 0.3059
Epoch 118/200, Loss: 0.3051
Epoch 119/200, Loss: 0.3053
Epoch 120/200, Loss: 0.3034
Epoch 121/200, Loss: 0.3044
Epoch 122/200, Loss: 0.3016
Epoch 123/200, Loss: 0.3010
Epoch 124/200, Loss: 0.3016
Epoch 125/200, Loss: 0.2988
Epoch 126/200, Loss: 0.2990
Epoch 127/200, Loss: 0.2996
Epoch 128/200, Loss: 0.2943
Epoch 129/200, Loss: 0.2966
Epoch 130/200, Loss: 0.2937
Epoch 131/200, Loss: 0.2970
Epoch 132/200, Loss: 0.2953
Epoch 133/200, Loss: 0.2946
Epoch 134/200, Loss: 0.2927
Epoch 135/200, Loss: 0.2909
Epoch 136/200, Loss: 0.2905
Epoch 137/200, Loss: 0.2921
Epoch 138/200, Loss: 0.2901
Epoch 139/200, Loss: 0.2920
Epoch 140/200, Loss: 0.2900
Epoch 141/200, Loss: 0.2880
Epoch 142/200, Loss: 0.2889
Epoch 143/200, Loss: 0.2859
Epoch 144/200, Loss: 0.2859
Epoch 145/200, Loss: 0.2880
Epoch 146/200, Loss: 0.2872
Epoch 147/200, Loss: 0.2849
Epoch 148/200, Loss: 0.2852
Epoch 149/200, Loss: 0.2838
Epoch 150/200, Loss: 0.2833
Epoch 151/200, Loss: 0.2839
Epoch 152/200, Loss: 0.2827
Epoch 153/200, Loss: 0.2818
Epoch 154/200, Loss: 0.2816
Epoch 155/200, Loss: 0.2797
Epoch 156/200, Loss: 0.2802
Epoch 157/200, Loss: 0.2782
Epoch 158/200, Loss: 0.2802
Epoch 159/200, Loss: 0.2765
Epoch 160/200, Loss: 0.2784
Epoch 161/200, Loss: 0.2802
Epoch 162/200, Loss: 0.2769
Epoch 163/200, Loss: 0.2774
Epoch 164/200, Loss: 0.2754
Epoch 165/200, Loss: 0.2751
Epoch 166/200, Loss: 0.2750
Epoch 167/200, Loss: 0.2763
Epoch 168/200, Loss: 0.2753
Epoch 169/200, Loss: 0.2727
Epoch 170/200, Loss: 0.2720
Epoch 171/200, Loss: 0.2724
Epoch 172/200, Loss: 0.2732
Epoch 173/200, Loss: 0.2716
Epoch 174/200, Loss: 0.2721
Epoch 175/200, Loss: 0.2697
Epoch 176/200, Loss: 0.2694
Epoch 177/200, Loss: 0.2679
Epoch 178/200, Loss: 0.2688
Epoch 179/200, Loss: 0.2692
Epoch 180/200, Loss: 0.2668
Epoch 181/200, Loss: 0.2684
Epoch 182/200, Loss: 0.2679
Epoch 183/200, Loss: 0.2687
Epoch 184/200, Loss: 0.2669
Epoch 185/200, Loss: 0.2679
Epoch 186/200, Loss: 0.2652
Epoch 187/200, Loss: 0.2675
Epoch 188/200, Loss: 0.2676
Epoch 189/200, Loss: 0.2652
Epoch 190/200, Loss: 0.2619
Epoch 191/200, Loss: 0.2644
Epoch 192/200, Loss: 0.2640
Epoch 193/200, Loss: 0.2637
Epoch 194/200, Loss: 0.2604
Epoch 195/200, Loss: 0.2629
Epoch 196/200, Loss: 0.2609
Epoch 197/200, Loss: 0.2628
Epoch 198/200, Loss: 0.2625
Epoch 199/200, Loss: 0.2600
Epoch 200/200, Loss: 0.2620
Output layer is changing 4 to 10 
Training
Epoch 1/200
Train Loss: 2.2977, Train Acc: 13.2675
Val Loss: 2.2914, Val Acc: 17.0000
Epoch 2/200
Train Loss: 2.2817, Train Acc: 19.8375
Val Loss: 2.2649, Val Acc: 25.0200
Epoch 3/200
Train Loss: 2.2319, Train Acc: 28.1225
Val Loss: 2.1716, Val Acc: 32.3300
Epoch 4/200
Train Loss: 2.1043, Train Acc: 33.5775
Val Loss: 1.9980, Val Acc: 36.6700
Epoch 5/200
Train Loss: 1.9147, Train Acc: 37.6675
Val Loss: 1.7909, Val Acc: 41.9400
Epoch 6/200
Train Loss: 1.7165, Train Acc: 43.5875
Val Loss: 1.5903, Val Acc: 47.9800
Epoch 7/200
Train Loss: 1.5413, Train Acc: 49.7250
Val Loss: 1.4550, Val Acc: 52.9300
Epoch 8/200
Train Loss: 1.3908, Train Acc: 54.6400
Val Loss: 1.2986, Val Acc: 58.2600
Epoch 9/200
Train Loss: 1.2588, Train Acc: 58.8525
Val Loss: 1.1846, Val Acc: 61.1000
Epoch 10/200
Train Loss: 1.1505, Train Acc: 62.2425
Val Loss: 1.0982, Val Acc: 64.0400
Epoch 11/200
Train Loss: 1.0737, Train Acc: 64.5775
Val Loss: 1.0290, Val Acc: 65.6700
Epoch 12/200
Train Loss: 1.0117, Train Acc: 66.3575
Val Loss: 0.9939, Val Acc: 66.6000
Epoch 13/200
Train Loss: 0.9669, Train Acc: 67.5500
Val Loss: 0.9388, Val Acc: 68.6200
Epoch 14/200
Train Loss: 0.9259, Train Acc: 68.8325
Val Loss: 0.9154, Val Acc: 68.8800
Epoch 15/200
Train Loss: 0.8973, Train Acc: 69.6425
Val Loss: 0.8667, Val Acc: 71.2800
Epoch 16/200
Train Loss: 0.8664, Train Acc: 70.7975
Val Loss: 0.8539, Val Acc: 71.3500
Epoch 17/200
Train Loss: 0.8441, Train Acc: 71.3275
Val Loss: 0.8322, Val Acc: 71.5500
Epoch 18/200
Train Loss: 0.8292, Train Acc: 72.0200
Val Loss: 0.8152, Val Acc: 72.6400
Epoch 19/200
Train Loss: 0.8146, Train Acc: 72.2525
Val Loss: 0.8079, Val Acc: 72.7400
Epoch 20/200
Train Loss: 0.7960, Train Acc: 72.9100
Val Loss: 0.7888, Val Acc: 73.4500
Epoch 21/200
Train Loss: 0.7803, Train Acc: 73.3600
Val Loss: 0.7783, Val Acc: 73.7600
Epoch 22/200
Train Loss: 0.7710, Train Acc: 73.7425
Val Loss: 0.7689, Val Acc: 73.9300
Epoch 23/200
Train Loss: 0.7562, Train Acc: 74.2925
Val Loss: 0.7619, Val Acc: 74.1400
Epoch 24/200
Train Loss: 0.7472, Train Acc: 74.7250
Val Loss: 0.7563, Val Acc: 74.1300
Epoch 25/200
Train Loss: 0.7381, Train Acc: 74.9000
Val Loss: 0.7588, Val Acc: 74.2000
Epoch 26/200
Train Loss: 0.7281, Train Acc: 75.2500
Val Loss: 0.7434, Val Acc: 74.5000
Epoch 27/200
Train Loss: 0.7210, Train Acc: 75.5550
Val Loss: 0.7248, Val Acc: 75.4800
Epoch 28/200
Train Loss: 0.7164, Train Acc: 75.5925
Val Loss: 0.7238, Val Acc: 74.9000
Epoch 29/200
Configuration batch_size  : 64 ,epochs : 200 ,learning_rate : 0.001 , patience : 10 , device : cuda
Files already downloaded and verified
Files already downloaded and verified
Training Rotation task
Epoch 1/200, Loss: 0.9965
Epoch 2/200, Loss: 0.8484
Epoch 3/200, Loss: 0.7888
Epoch 4/200, Loss: 0.7476
Epoch 5/200, Loss: 0.7164
Epoch 6/200, Loss: 0.6887
Epoch 7/200, Loss: 0.6663
Epoch 8/200, Loss: 0.6478
Epoch 9/200, Loss: 0.6286
Epoch 10/200, Loss: 0.6174
Epoch 11/200, Loss: 0.6029
Epoch 12/200, Loss: 0.5880
Epoch 13/200, Loss: 0.5776
Epoch 14/200, Loss: 0.5662
Epoch 15/200, Loss: 0.5592
Epoch 16/200, Loss: 0.5496
Epoch 17/200, Loss: 0.5433
Epoch 18/200, Loss: 0.5341
Epoch 19/200, Loss: 0.5246
Epoch 20/200, Loss: 0.5208
Epoch 21/200, Loss: 0.5121
Epoch 22/200, Loss: 0.5044
Epoch 23/200, Loss: 0.5018
Epoch 24/200, Loss: 0.4965
Epoch 25/200, Loss: 0.4892
Epoch 26/200, Loss: 0.4847
Epoch 27/200, Loss: 0.4791
Epoch 28/200, Loss: 0.4731
Epoch 29/200, Loss: 0.4702
Epoch 30/200, Loss: 0.4651
Epoch 31/200, Loss: 0.4616
Epoch 32/200, Loss: 0.4577
Epoch 33/200, Loss: 0.4524
Epoch 34/200, Loss: 0.4508
Epoch 35/200, Loss: 0.4448
Epoch 36/200, Loss: 0.4418
Epoch 37/200, Loss: 0.4380
Epoch 38/200, Loss: 0.4340
Epoch 39/200, Loss: 0.4331
Epoch 40/200, Loss: 0.4289
Epoch 41/200, Loss: 0.4267
Epoch 42/200, Loss: 0.4211
Epoch 43/200, Loss: 0.4206
Epoch 44/200, Loss: 0.4178
Epoch 45/200, Loss: 0.4157
Epoch 46/200, Loss: 0.4130
Epoch 47/200, Loss: 0.4093
Epoch 48/200, Loss: 0.4052
Epoch 49/200, Loss: 0.4042
Epoch 50/200, Loss: 0.4028
Epoch 51/200, Loss: 0.4001
Epoch 52/200, Loss: 0.3964
Epoch 53/200, Loss: 0.3934
Epoch 54/200, Loss: 0.3907
Epoch 55/200, Loss: 0.3876
Epoch 56/200, Loss: 0.3872
Epoch 57/200, Loss: 0.3848
Epoch 58/200, Loss: 0.3845
Epoch 59/200, Loss: 0.3800
Epoch 60/200, Loss: 0.3817
Epoch 61/200, Loss: 0.3783
Epoch 62/200, Loss: 0.3766
Epoch 63/200, Loss: 0.3731
Epoch 64/200, Loss: 0.3730
Epoch 65/200, Loss: 0.3712
Epoch 66/200, Loss: 0.3687
Epoch 67/200, Loss: 0.3669
Epoch 68/200, Loss: 0.3666
Epoch 69/200, Loss: 0.3633
Epoch 70/200, Loss: 0.3647
Epoch 71/200, Loss: 0.3609
Epoch 72/200, Loss: 0.3587
Epoch 73/200, Loss: 0.3583
Epoch 74/200, Loss: 0.3576
Epoch 75/200, Loss: 0.3550
Epoch 76/200, Loss: 0.3527
Epoch 77/200, Loss: 0.3505
Epoch 78/200, Loss: 0.3513
Epoch 79/200, Loss: 0.3488
Epoch 80/200, Loss: 0.3490
Epoch 81/200, Loss: 0.3495
Epoch 82/200, Loss: 0.3463
Epoch 83/200, Loss: 0.3450
Epoch 84/200, Loss: 0.3415
Epoch 85/200, Loss: 0.3422
Epoch 86/200, Loss: 0.3404
Epoch 87/200, Loss: 0.3377
Epoch 88/200, Loss: 0.3390
Epoch 89/200, Loss: 0.3346
Epoch 90/200, Loss: 0.3345
Epoch 91/200, Loss: 0.3343
Epoch 92/200, Loss: 0.3332
Epoch 93/200, Loss: 0.3314
Epoch 94/200, Loss: 0.3296
Epoch 95/200, Loss: 0.3320
Epoch 96/200, Loss: 0.3286
Epoch 97/200, Loss: 0.3271
Epoch 98/200, Loss: 0.3270
Epoch 99/200, Loss: 0.3245
Epoch 100/200, Loss: 0.3246
Epoch 101/200, Loss: 0.3252
Epoch 102/200, Loss: 0.3223
Epoch 103/200, Loss: 0.3221
Epoch 104/200, Loss: 0.3201
Epoch 105/200, Loss: 0.3185
Epoch 106/200, Loss: 0.3204
Epoch 107/200, Loss: 0.3167
Epoch 108/200, Loss: 0.3169
Epoch 109/200, Loss: 0.3140
Epoch 110/200, Loss: 0.3145
Epoch 111/200, Loss: 0.3145
Epoch 112/200, Loss: 0.3151
Epoch 113/200, Loss: 0.3123
Epoch 114/200, Loss: 0.3135
Epoch 115/200, Loss: 0.3107
Epoch 116/200, Loss: 0.3112
Epoch 117/200, Loss: 0.3087
Epoch 118/200, Loss: 0.3093
Epoch 119/200, Loss: 0.3091
Epoch 120/200, Loss: 0.3070
Epoch 121/200, Loss: 0.3050
Epoch 122/200, Loss: 0.3063
Epoch 123/200, Loss: 0.3045
Epoch 124/200, Loss: 0.3036
Epoch 125/200, Loss: 0.3032
Epoch 126/200, Loss: 0.3016
Epoch 127/200, Loss: 0.3010
Epoch 128/200, Loss: 0.3007
Epoch 129/200, Loss: 0.3012
Epoch 130/200, Loss: 0.2980
Epoch 131/200, Loss: 0.2990
Epoch 132/200, Loss: 0.2983
Epoch 133/200, Loss: 0.2983
Epoch 134/200, Loss: 0.2968
Epoch 135/200, Loss: 0.2966
Epoch 136/200, Loss: 0.2976
Epoch 137/200, Loss: 0.2944
Epoch 138/200, Loss: 0.2934
Epoch 139/200, Loss: 0.2926
Epoch 140/200, Loss: 0.2947
Epoch 141/200, Loss: 0.2937
Epoch 142/200, Loss: 0.2899
Epoch 143/200, Loss: 0.2916
Epoch 144/200, Loss: 0.2889
Epoch 145/200, Loss: 0.2902
Epoch 146/200, Loss: 0.2881
Epoch 147/200, Loss: 0.2892
Epoch 148/200, Loss: 0.2884
Epoch 149/200, Loss: 0.2870
Epoch 150/200, Loss: 0.2857
Epoch 151/200, Loss: 0.2851
Epoch 152/200, Loss: 0.2857
Epoch 153/200, Loss: 0.2840
Epoch 154/200, Loss: 0.2852
Epoch 155/200, Loss: 0.2827
Epoch 156/200, Loss: 0.2823
Epoch 157/200, Loss: 0.2821
Epoch 158/200, Loss: 0.2806
Epoch 159/200, Loss: 0.2813
Epoch 160/200, Loss: 0.2813
Epoch 161/200, Loss: 0.2805
Epoch 162/200, Loss: 0.2812
Epoch 163/200, Loss: 0.2803
Epoch 164/200, Loss: 0.2787
Epoch 165/200, Loss: 0.2776
Epoch 166/200, Loss: 0.2796
Epoch 167/200, Loss: 0.2777
Epoch 168/200, Loss: 0.2780
Epoch 169/200, Loss: 0.2760
Epoch 170/200, Loss: 0.2764
Epoch 171/200, Loss: 0.2761
Epoch 172/200, Loss: 0.2761
Epoch 173/200, Loss: 0.2755
Epoch 174/200, Loss: 0.2727
Epoch 175/200, Loss: 0.2743
Epoch 176/200, Loss: 0.2720
Epoch 177/200, Loss: 0.2716
Epoch 178/200, Loss: 0.2708
Epoch 179/200, Loss: 0.2691
Epoch 180/200, Loss: 0.2705
Epoch 181/200, Loss: 0.2712
Epoch 182/200, Loss: 0.2712
Epoch 183/200, Loss: 0.2702
Epoch 184/200, Loss: 0.2699
Epoch 185/200, Loss: 0.2688
Epoch 186/200, Loss: 0.2708
Epoch 187/200, Loss: 0.2662
Epoch 188/200, Loss: 0.2695
Epoch 189/200, Loss: 0.2660
Epoch 190/200, Loss: 0.2686
Epoch 191/200, Loss: 0.2645
Epoch 192/200, Loss: 0.2654
Epoch 193/200, Loss: 0.2656
Epoch 194/200, Loss: 0.2664
Epoch 195/200, Loss: 0.2667
Epoch 196/200, Loss: 0.2638
Epoch 197/200, Loss: 0.2650
Epoch 198/200, Loss: 0.2660
Epoch 199/200, Loss: 0.2635
Epoch 200/200, Loss: 0.2640
Output layer is changing 4 to 10 
Training
Epoch 1/200
Train Loss: 2.2979, Train Acc: 10.9975
Val Loss: 2.2915, Val Acc: 14.1500
Epoch 2/200
Train Loss: 2.2773, Train Acc: 19.8875
Val Loss: 2.2484, Val Acc: 25.0700
Epoch 3/200
Train Loss: 2.2067, Train Acc: 26.6750
Val Loss: 2.1578, Val Acc: 29.5800
Epoch 4/200
Train Loss: 2.0988, Train Acc: 33.1125
Val Loss: 2.0117, Val Acc: 36.2200
Epoch 5/200
Train Loss: 1.9287, Train Acc: 39.8425
Val Loss: 1.8170, Val Acc: 42.8100
Epoch 6/200
Train Loss: 1.7186, Train Acc: 46.0200
Val Loss: 1.5996, Val Acc: 49.8000
Epoch 7/200
Train Loss: 1.5195, Train Acc: 51.8900
Val Loss: 1.3997, Val Acc: 55.1300
Epoch 8/200
Train Loss: 1.3583, Train Acc: 56.0900
Val Loss: 1.2658, Val Acc: 58.4200
Epoch 9/200
Train Loss: 1.2304, Train Acc: 59.8375
Val Loss: 1.1608, Val Acc: 62.7600
Epoch 10/200
Train Loss: 1.1350, Train Acc: 62.6775
Val Loss: 1.0849, Val Acc: 64.3400
Epoch 11/200
Train Loss: 1.0626, Train Acc: 64.5225
Val Loss: 0.9994, Val Acc: 67.3000
Epoch 12/200
Train Loss: 1.0053, Train Acc: 66.3800
Val Loss: 0.9513, Val Acc: 68.4100
Epoch 13/200
Train Loss: 0.9551, Train Acc: 67.6675
Val Loss: 0.9122, Val Acc: 69.6700
Epoch 14/200
Train Loss: 0.9190, Train Acc: 69.0075
Val Loss: 0.8868, Val Acc: 70.1700
Epoch 15/200
Train Loss: 0.8948, Train Acc: 69.8400
Val Loss: 0.8561, Val Acc: 70.8500
Epoch 16/200
Train Loss: 0.8647, Train Acc: 71.0825
Val Loss: 0.8383, Val Acc: 72.1400
Epoch 17/200
Train Loss: 0.8415, Train Acc: 71.4950
Val Loss: 0.8186, Val Acc: 72.6100
Epoch 18/200
Train Loss: 0.8226, Train Acc: 72.1525
Val Loss: 0.7891, Val Acc: 73.6800
Epoch 19/200
Train Loss: 0.8075, Train Acc: 72.6075
Val Loss: 0.7832, Val Acc: 74.2700
Epoch 20/200
Train Loss: 0.7891, Train Acc: 73.2625
Val Loss: 0.7662, Val Acc: 74.3000
Epoch 21/200
Train Loss: 0.7793, Train Acc: 73.8075
Val Loss: 0.7686, Val Acc: 74.4800
Epoch 22/200
Train Loss: 0.7658, Train Acc: 73.9075
Val Loss: 0.7468, Val Acc: 74.7900
Epoch 23/200
Train Loss: 0.7498, Train Acc: 74.4075
Val Loss: 0.7342, Val Acc: 75.7200
Epoch 24/200
Train Loss: 0.7436, Train Acc: 74.8800
Val Loss: 0.7244, Val Acc: 75.9200
Epoch 25/200
Train Loss: 0.7353, Train Acc: 74.8750
Val Loss: 0.7306, Val Acc: 75.1700
Epoch 26/200
Train Loss: 0.7250, Train Acc: 75.0500
Val Loss: 0.7144, Val Acc: 76.1900
Epoch 27/200
Train Loss: 0.7146, Train Acc: 75.5625
Val Loss: 0.7116, Val Acc: 75.9700
Epoch 28/200
Train Loss: 0.7057, Train Acc: 75.8650
Val Loss: 0.7010, Val Acc: 75.8900
Epoch 29/200
Configuration batch_size  : 64 ,epochs : 200 ,learning_rate : 0.001 , patience : 10 , device : cuda
Files already downloaded and verified
Files already downloaded and verified
Training Rotation task
Epoch 1/200, Loss: 1.0011
Epoch 2/200, Loss: 0.8485
Epoch 3/200, Loss: 0.7870
Epoch 4/200, Loss: 0.7435
Epoch 5/200, Loss: 0.7096
Epoch 6/200, Loss: 0.6849
Epoch 7/200, Loss: 0.6609
Epoch 8/200, Loss: 0.6395
Epoch 9/200, Loss: 0.6264
Epoch 10/200, Loss: 0.6078
Epoch 11/200, Loss: 0.5966
Epoch 12/200, Loss: 0.5833
Epoch 13/200, Loss: 0.5713
Epoch 14/200, Loss: 0.5595
Epoch 15/200, Loss: 0.5505
Epoch 16/200, Loss: 0.5403
Epoch 17/200, Loss: 0.5330
Epoch 18/200, Loss: 0.5276
Epoch 19/200, Loss: 0.5211
Epoch 20/200, Loss: 0.5118
Epoch 21/200, Loss: 0.5065
Epoch 22/200, Loss: 0.4988
Epoch 23/200, Loss: 0.4954
Epoch 24/200, Loss: 0.4882
Epoch 25/200, Loss: 0.4842
Epoch 26/200, Loss: 0.4799
Epoch 27/200, Loss: 0.4726
Epoch 28/200, Loss: 0.4704
Epoch 29/200, Loss: 0.4661
Epoch 30/200, Loss: 0.4586
Epoch 31/200, Loss: 0.4551
Epoch 32/200, Loss: 0.4512
Epoch 33/200, Loss: 0.4486
Epoch 34/200, Loss: 0.4440
Epoch 35/200, Loss: 0.4410
Epoch 36/200, Loss: 0.4355
Epoch 37/200, Loss: 0.4327
Epoch 38/200, Loss: 0.4283
Epoch 39/200, Loss: 0.4266
Epoch 40/200, Loss: 0.4240
Epoch 41/200, Loss: 0.4216
Epoch 42/200, Loss: 0.4178
Epoch 43/200, Loss: 0.4143
Epoch 44/200, Loss: 0.4131
Epoch 45/200, Loss: 0.4102
Epoch 46/200, Loss: 0.4085
Epoch 47/200, Loss: 0.4052
Epoch 48/200, Loss: 0.4027
Epoch 49/200, Loss: 0.4007
Epoch 50/200, Loss: 0.3961
Epoch 51/200, Loss: 0.3967
Epoch 52/200, Loss: 0.3908
Epoch 53/200, Loss: 0.3912
Epoch 54/200, Loss: 0.3877
Epoch 55/200, Loss: 0.3853
Epoch 56/200, Loss: 0.3818
Epoch 57/200, Loss: 0.3820
Epoch 58/200, Loss: 0.3800
Epoch 59/200, Loss: 0.3767
Epoch 60/200, Loss: 0.3760
Epoch 61/200, Loss: 0.3748
Epoch 62/200, Loss: 0.3739
Epoch 63/200, Loss: 0.3702
Epoch 64/200, Loss: 0.3679
Epoch 65/200, Loss: 0.3660
Epoch 66/200, Loss: 0.3650
Epoch 67/200, Loss: 0.3635
Epoch 68/200, Loss: 0.3610
Epoch 69/200, Loss: 0.3615
Epoch 70/200, Loss: 0.3580
Epoch 71/200, Loss: 0.3576
Epoch 72/200, Loss: 0.3560
Epoch 73/200, Loss: 0.3535
Epoch 74/200, Loss: 0.3531
Epoch 75/200, Loss: 0.3519
Epoch 76/200, Loss: 0.3512
Epoch 77/200, Loss: 0.3492
Epoch 78/200, Loss: 0.3478
Epoch 79/200, Loss: 0.3464
Epoch 80/200, Loss: 0.3468
Epoch 81/200, Loss: 0.3424
Epoch 82/200, Loss: 0.3407
Epoch 83/200, Loss: 0.3400
Epoch 84/200, Loss: 0.3403
Epoch 85/200, Loss: 0.3380
Epoch 86/200, Loss: 0.3382
Epoch 87/200, Loss: 0.3354
Epoch 88/200, Loss: 0.3351
Epoch 89/200, Loss: 0.3352
Epoch 90/200, Loss: 0.3324
Epoch 91/200, Loss: 0.3320
Epoch 92/200, Loss: 0.3292
Epoch 93/200, Loss: 0.3284
Epoch 94/200, Loss: 0.3276
Epoch 95/200, Loss: 0.3276
Epoch 96/200, Loss: 0.3258
Epoch 97/200, Loss: 0.3261
Epoch 98/200, Loss: 0.3223
Epoch 99/200, Loss: 0.3210
Epoch 100/200, Loss: 0.3217
Epoch 101/200, Loss: 0.3201
Epoch 102/200, Loss: 0.3205
Epoch 103/200, Loss: 0.3186
Epoch 104/200, Loss: 0.3165
Epoch 105/200, Loss: 0.3183
Epoch 106/200, Loss: 0.3173
Epoch 107/200, Loss: 0.3124
Epoch 108/200, Loss: 0.3141
Epoch 109/200, Loss: 0.3134
Epoch 110/200, Loss: 0.3141
Epoch 111/200, Loss: 0.3114
Epoch 112/200, Loss: 0.3123
Epoch 113/200, Loss: 0.3091
Epoch 114/200, Loss: 0.3076
Epoch 115/200, Loss: 0.3092
Epoch 116/200, Loss: 0.3073
Epoch 117/200, Loss: 0.3086
Epoch 118/200, Loss: 0.3062
Epoch 119/200, Loss: 0.3054
Epoch 120/200, Loss: 0.3060
Epoch 121/200, Loss: 0.3045
Epoch 122/200, Loss: 0.3045
Epoch 123/200, Loss: 0.3007
Epoch 124/200, Loss: 0.3015
Epoch 125/200, Loss: 0.3001
Epoch 126/200, Loss: 0.2988
Epoch 127/200, Loss: 0.3042
Epoch 128/200, Loss: 0.3001
Epoch 129/200, Loss: 0.2966
Epoch 130/200, Loss: 0.2971
Epoch 131/200, Loss: 0.2989
Epoch 132/200, Loss: 0.2953
Epoch 133/200, Loss: 0.2954
Epoch 134/200, Loss: 0.2952
Epoch 135/200, Loss: 0.2929
Epoch 136/200, Loss: 0.2921
Epoch 137/200, Loss: 0.2922
Epoch 138/200, Loss: 0.2925
Epoch 139/200, Loss: 0.2891
Epoch 140/200, Loss: 0.2908
Epoch 141/200, Loss: 0.2906
Epoch 142/200, Loss: 0.2877
Epoch 143/200, Loss: 0.2901
Epoch 144/200, Loss: 0.2875
Epoch 145/200, Loss: 0.2882
Epoch 146/200, Loss: 0.2866
Epoch 147/200, Loss: 0.2854
Epoch 148/200, Loss: 0.2847
Epoch 149/200, Loss: 0.2848
Epoch 150/200, Loss: 0.2845
Epoch 151/200, Loss: 0.2862
Epoch 152/200, Loss: 0.2863
Epoch 153/200, Loss: 0.2822
Epoch 154/200, Loss: 0.2808
Epoch 155/200, Loss: 0.2822
Epoch 156/200, Loss: 0.2819
Epoch 157/200, Loss: 0.2798
Epoch 158/200, Loss: 0.2810
Epoch 159/200, Loss: 0.2792
Epoch 160/200, Loss: 0.2792
Epoch 161/200, Loss: 0.2769
Epoch 162/200, Loss: 0.2780
Epoch 163/200, Loss: 0.2768
Epoch 164/200, Loss: 0.2757
Epoch 165/200, Loss: 0.2753
Epoch 166/200, Loss: 0.2764
Epoch 167/200, Loss: 0.2749
Epoch 168/200, Loss: 0.2729
Epoch 169/200, Loss: 0.2739
Epoch 170/200, Loss: 0.2709
Epoch 171/200, Loss: 0.2733
Epoch 172/200, Loss: 0.2729
Epoch 173/200, Loss: 0.2740
Epoch 174/200, Loss: 0.2733
Epoch 175/200, Loss: 0.2701
Epoch 176/200, Loss: 0.2706
Epoch 177/200, Loss: 0.2721
Epoch 178/200, Loss: 0.2694
Epoch 179/200, Loss: 0.2707
Epoch 180/200, Loss: 0.2695
Epoch 181/200, Loss: 0.2691
Epoch 182/200, Loss: 0.2675
Epoch 183/200, Loss: 0.2669
Epoch 184/200, Loss: 0.2673
Epoch 185/200, Loss: 0.2656
Epoch 186/200, Loss: 0.2668
Epoch 187/200, Loss: 0.2663
Epoch 188/200, Loss: 0.2663
Epoch 189/200, Loss: 0.2658
Epoch 190/200, Loss: 0.2637
Epoch 191/200, Loss: 0.2652
Epoch 192/200, Loss: 0.2637
Epoch 193/200, Loss: 0.2663
Epoch 194/200, Loss: 0.2638
Epoch 195/200, Loss: 0.2641
Epoch 196/200, Loss: 0.2618
Epoch 197/200, Loss: 0.2622
Epoch 198/200, Loss: 0.2600
Epoch 199/200, Loss: 0.2616
Epoch 200/200, Loss: 0.2605
Output layer is changing 4 to 10 
Training
Epoch 1/200
Train Loss: 2.3011, Train Acc: 10.2800
Val Loss: 2.2965, Val Acc: 11.5500
Epoch 2/200
Train Loss: 2.2865, Train Acc: 16.0075
Val Loss: 2.2729, Val Acc: 22.3200
Epoch 3/200
Train Loss: 2.2394, Train Acc: 27.7950
Val Loss: 2.1914, Val Acc: 33.2100
Epoch 4/200
Train Loss: 2.1310, Train Acc: 36.2425
Val Loss: 2.0491, Val Acc: 39.6200
Epoch 5/200
Train Loss: 1.9482, Train Acc: 41.4500
Val Loss: 1.8248, Val Acc: 44.5000
Epoch 6/200
Train Loss: 1.7262, Train Acc: 46.3575
Val Loss: 1.6193, Val Acc: 47.9300
Epoch 7/200
Train Loss: 1.5318, Train Acc: 50.9750
Val Loss: 1.4268, Val Acc: 54.5100
Epoch 8/200
Train Loss: 1.3665, Train Acc: 55.9025
Val Loss: 1.2752, Val Acc: 58.7500
Epoch 9/200
Train Loss: 1.2374, Train Acc: 59.6250
Val Loss: 1.1714, Val Acc: 61.4300
Epoch 10/200
Train Loss: 1.1365, Train Acc: 62.7175
Val Loss: 1.0843, Val Acc: 64.1800
Epoch 11/200
Train Loss: 1.0601, Train Acc: 64.7825
Val Loss: 1.0221, Val Acc: 65.8200
Epoch 12/200
Train Loss: 1.0063, Train Acc: 66.4025
Val Loss: 0.9849, Val Acc: 66.9400
Epoch 13/200
Train Loss: 0.9621, Train Acc: 67.7575
Val Loss: 0.9420, Val Acc: 67.9600
Epoch 14/200
Train Loss: 0.9249, Train Acc: 68.8175
Val Loss: 0.9030, Val Acc: 69.8500
Epoch 15/200
Train Loss: 0.8959, Train Acc: 69.8125
Val Loss: 0.8692, Val Acc: 70.4700
Epoch 16/200
Train Loss: 0.8686, Train Acc: 70.8900
Val Loss: 0.8493, Val Acc: 71.3300
Epoch 17/200
Train Loss: 0.8490, Train Acc: 71.4125
Val Loss: 0.8342, Val Acc: 71.9500
Epoch 18/200
Train Loss: 0.8269, Train Acc: 72.0425
Val Loss: 0.8178, Val Acc: 72.3500
Epoch 19/200
Train Loss: 0.8116, Train Acc: 72.4250
Val Loss: 0.8284, Val Acc: 71.8500
Epoch 20/200
Train Loss: 0.7961, Train Acc: 72.8500
Val Loss: 0.7987, Val Acc: 72.5600
Epoch 21/200
Train Loss: 0.7853, Train Acc: 73.3900
Val Loss: 0.7833, Val Acc: 72.9200
Epoch 22/200
Train Loss: 0.7697, Train Acc: 73.9275
Val Loss: 0.7814, Val Acc: 72.9100
Epoch 23/200
Train Loss: 0.7608, Train Acc: 74.1250
Val Loss: 0.7601, Val Acc: 74.5800
Epoch 24/200
Train Loss: 0.7476, Train Acc: 74.6475
Val Loss: 0.7618, Val Acc: 73.9000
Epoch 25/200
Train Loss: 0.7398, Train Acc: 74.8350
Val Loss: 0.7437, Val Acc: 73.7600
Epoch 26/200
Train Loss: 0.7280, Train Acc: 75.0825
Val Loss: 0.7434, Val Acc: 74.8200
Epoch 27/200
Train Loss: 0.7274, Train Acc: 75.0850
Val Loss: 0.7419, Val Acc: 74.2000
Epoch 28/200
Train Loss: 0.7159, Train Acc: 75.7500
Val Loss: 0.7203, Val Acc: 74.8200
Epoch 29/200
Train Loss: 0.7075, Train Acc: 76.0775
Val Loss: 0.7189, Val Acc: 75.5600
Epoch 30/200
Train Loss: 0.6974, Train Acc: 75.9925
Val Loss: 0.7106, Val Acc: 75.6300
Epoch 31/200
Train Loss: 0.6908, Train Acc: 76.5775
Val Loss: 0.7141, Val Acc: 75.8900
Epoch 32/200
Train Loss: 0.6879, Train Acc: 76.5600
Val Loss: 0.7026, Val Acc: 76.1400
Epoch 33/200
Train Loss: 0.6794, Train Acc: 76.8000
Val Loss: 0.6992, Val Acc: 75.6700
Epoch 34/200
Train Loss: 0.6733, Train Acc: 77.1200
Val Loss: 0.6939, Val Acc: 75.8400
Epoch 35/200
Train Loss: 0.6729, Train Acc: 77.1175
Val Loss: 0.7137, Val Acc: 75.4900
Epoch 36/200
Train Loss: 0.6635, Train Acc: 77.2950
Val Loss: 0.6880, Val Acc: 76.4500
Epoch 37/200
Train Loss: 0.6605, Train Acc: 77.4825
Val Loss: 0.6894, Val Acc: 76.0300
Epoch 38/200
Train Loss: 0.6532, Train Acc: 77.7450
Val Loss: 0.6723, Val Acc: 76.9900
Epoch 39/200
Train Loss: 0.6500, Train Acc: 77.8575
Val Loss: 0.6770, Val Acc: 76.8400
Epoch 40/200
Train Loss: 0.6433, Train Acc: 78.0925
Val Loss: 0.6556, Val Acc: 77.6400
Epoch 41/200
Train Loss: 0.6416, Train Acc: 78.0150
Val Loss: 0.6600, Val Acc: 77.1700
Epoch 42/200
Train Loss: 0.6323, Train Acc: 78.4150
Val Loss: 0.6521, Val Acc: 78.0000
Epoch 43/200
Train Loss: 0.6339, Train Acc: 78.0850
Val Loss: 0.6617, Val Acc: 77.3400
Epoch 44/200
Train Loss: 0.6259, Train Acc: 78.6325
Val Loss: 0.6612, Val Acc: 77.1800
Epoch 45/200
Train Loss: 0.6202, Train Acc: 78.6600
Val Loss: 0.6608, Val Acc: 77.2500
Epoch 46/200
Train Loss: 0.6186, Train Acc: 78.9725
Val Loss: 0.6497, Val Acc: 77.2900
Epoch 47/200
Train Loss: 0.6155, Train Acc: 78.9925
Val Loss: 0.6554, Val Acc: 77.7500
Epoch 48/200
Train Loss: 0.6123, Train Acc: 79.1525
Val Loss: 0.6403, Val Acc: 78.6400
Epoch 49/200
Train Loss: 0.6092, Train Acc: 79.0625
Val Loss: 0.6456, Val Acc: 77.7900
Epoch 50/200
Train Loss: 0.6096, Train Acc: 79.0900
Val Loss: 0.6395, Val Acc: 78.1500
Epoch 51/200
Train Loss: 0.6034, Train Acc: 79.5900
Val Loss: 0.6449, Val Acc: 77.7500
Epoch 52/200
Train Loss: 0.5972, Train Acc: 79.6850
Val Loss: 0.6490, Val Acc: 77.7600
Epoch 53/200
Train Loss: 0.5994, Train Acc: 79.6975
Val Loss: 0.6381, Val Acc: 77.6500
Epoch 54/200
Train Loss: 0.5930, Train Acc: 79.8225
Val Loss: 0.6354, Val Acc: 78.3900
Epoch 55/200
Train Loss: 0.5911, Train Acc: 79.8850
Val Loss: 0.6354, Val Acc: 78.3500
Epoch 56/200
Train Loss: 0.5865, Train Acc: 79.8825
Val Loss: 0.6319, Val Acc: 78.5700
Epoch 57/200
Train Loss: 0.5856, Train Acc: 79.9250
Val Loss: 0.6571, Val Acc: 77.2500
Epoch 58/200
Train Loss: 0.5825, Train Acc: 80.1675
Val Loss: 0.6317, Val Acc: 78.8000
Epoch 59/200
Train Loss: 0.5821, Train Acc: 80.1000
Val Loss: 0.6386, Val Acc: 78.1800
Epoch 60/200
Train Loss: 0.5744, Train Acc: 80.3625
Val Loss: 0.6275, Val Acc: 78.5200
Epoch 61/200
Train Loss: 0.5756, Train Acc: 80.1900
Val Loss: 0.6129, Val Acc: 79.2200
Epoch 62/200
Train Loss: 0.5748, Train Acc: 80.3550
Val Loss: 0.6131, Val Acc: 78.9100
Epoch 63/200
Train Loss: 0.5695, Train Acc: 80.5200
Val Loss: 0.6248, Val Acc: 78.5400
Epoch 64/200
Train Loss: 0.5743, Train Acc: 80.2175
Val Loss: 0.6037, Val Acc: 79.1100
Epoch 65/200
Train Loss: 0.5626, Train Acc: 80.8125
Val Loss: 0.6153, Val Acc: 78.7600
Epoch 66/200
Train Loss: 0.5567, Train Acc: 80.9175
Val Loss: 0.6286, Val Acc: 78.4500
Epoch 67/200
Train Loss: 0.5575, Train Acc: 81.0500
Val Loss: 0.6344, Val Acc: 77.8300
Epoch 68/200
Train Loss: 0.5569, Train Acc: 81.0925
Val Loss: 0.6032, Val Acc: 79.0500
Epoch 69/200
Train Loss: 0.5555, Train Acc: 81.1100
Val Loss: 0.6098, Val Acc: 79.1300
Epoch 70/200
Train Loss: 0.5519, Train Acc: 81.1800
Val Loss: 0.6059, Val Acc: 79.1800
Epoch 71/200
Train Loss: 0.5532, Train Acc: 81.2050
Val Loss: 0.5920, Val Acc: 79.9700
Epoch 72/200
Train Loss: 0.5482, Train Acc: 81.5125
Val Loss: 0.6174, Val Acc: 79.2200
Epoch 73/200
Train Loss: 0.5472, Train Acc: 81.4975
Val Loss: 0.6050, Val Acc: 79.1800
Epoch 74/200
Train Loss: 0.5434, Train Acc: 81.7650
Val Loss: 0.5982, Val Acc: 79.4900
Epoch 75/200
Train Loss: 0.5439, Train Acc: 81.5875
Val Loss: 0.5973, Val Acc: 79.6600
Epoch 76/200
Train Loss: 0.5402, Train Acc: 81.4675
Val Loss: 0.5999, Val Acc: 79.4200
Epoch 77/200
Train Loss: 0.5389, Train Acc: 81.5075
Val Loss: 0.6057, Val Acc: 79.0900
Epoch 78/200
Train Loss: 0.5304, Train Acc: 82.0925
Val Loss: 0.6073, Val Acc: 79.1900
Epoch 79/200
Train Loss: 0.5353, Train Acc: 81.8300
Val Loss: 0.5883, Val Acc: 80.0500
Epoch 80/200
Train Loss: 0.5362, Train Acc: 81.7625
Val Loss: 0.5922, Val Acc: 79.3600
Epoch 81/200
Train Loss: 0.5315, Train Acc: 81.7500
Val Loss: 0.5977, Val Acc: 79.9600
Epoch 82/200
Train Loss: 0.5284, Train Acc: 81.9800
Val Loss: 0.6016, Val Acc: 79.5200
Epoch 83/200
Train Loss: 0.5267, Train Acc: 81.9900
Val Loss: 0.6022, Val Acc: 79.4300
Epoch 84/200
Train Loss: 0.5242, Train Acc: 82.1600
Val Loss: 0.5905, Val Acc: 79.9400
Epoch 85/200
Train Loss: 0.5202, Train Acc: 82.3950
Val Loss: 0.5848, Val Acc: 79.6400
Epoch 86/200
Train Loss: 0.5247, Train Acc: 82.0775
Val Loss: 0.5954, Val Acc: 79.7300
Epoch 87/200
Train Loss: 0.5204, Train Acc: 82.1225
Val Loss: 0.5915, Val Acc: 80.1200
Epoch 88/200
Train Loss: 0.5153, Train Acc: 82.3200
Val Loss: 0.5883, Val Acc: 79.7500
Epoch 89/200
Train Loss: 0.5152, Train Acc: 82.5550
Val Loss: 0.5862, Val Acc: 79.8300
Epoch 90/200
Train Loss: 0.5143, Train Acc: 82.3750
Val Loss: 0.5863, Val Acc: 80.2300
Epoch 91/200
Train Loss: 0.5099, Train Acc: 82.6625
Val Loss: 0.5794, Val Acc: 80.2700
Epoch 92/200
Train Loss: 0.5099, Train Acc: 82.4725
Val Loss: 0.5763, Val Acc: 80.1500
Epoch 93/200
Train Loss: 0.5129, Train Acc: 82.4925
Val Loss: 0.5810, Val Acc: 79.7000
Epoch 94/200
Train Loss: 0.5119, Train Acc: 82.6125
Val Loss: 0.5913, Val Acc: 80.0200
Epoch 95/200
Train Loss: 0.5084, Train Acc: 82.5800
Val Loss: 0.5800, Val Acc: 79.9600
Epoch 96/200
Train Loss: 0.5074, Train Acc: 82.6425
Val Loss: 0.5849, Val Acc: 80.3400
Epoch 97/200
Train Loss: 0.5023, Train Acc: 82.8525
Val Loss: 0.5863, Val Acc: 79.9200
Epoch 98/200
Train Loss: 0.5019, Train Acc: 82.6950
Val Loss: 0.5864, Val Acc: 79.9400
Epoch 99/200
Train Loss: 0.5000, Train Acc: 82.8950
Val Loss: 0.5645, Val Acc: 80.7600
Epoch 100/200
Train Loss: 0.5018, Train Acc: 83.1375
Val Loss: 0.5771, Val Acc: 80.4100
Epoch 101/200
Train Loss: 0.4956, Train Acc: 83.0775
Val Loss: 0.5820, Val Acc: 79.7300
Epoch 102/200
Train Loss: 0.4960, Train Acc: 83.0275
Val Loss: 0.5722, Val Acc: 80.4200
Epoch 103/200
Train Loss: 0.4951, Train Acc: 83.0900
Val Loss: 0.5678, Val Acc: 80.2400
Epoch 104/200
Train Loss: 0.4973, Train Acc: 83.0150
Val Loss: 0.5672, Val Acc: 80.4900
Epoch 105/200
Train Loss: 0.4930, Train Acc: 83.1950
Val Loss: 0.5717, Val Acc: 80.4800
Epoch 106/200
Train Loss: 0.4944, Train Acc: 82.9875
Val Loss: 0.5661, Val Acc: 80.5600
Epoch 107/200
Train Loss: 0.4916, Train Acc: 83.2225
Val Loss: 0.5700, Val Acc: 80.4300
Epoch 108/200
Train Loss: 0.4901, Train Acc: 83.2625
Val Loss: 0.5696, Val Acc: 80.3300
Epoch 109/200
Train Loss: 0.4864, Train Acc: 83.3250
Val Loss: 0.5550, Val Acc: 80.9900
Epoch 110/200
Train Loss: 0.4861, Train Acc: 83.3450
Val Loss: 0.5770, Val Acc: 80.3900
Epoch 111/200
Train Loss: 0.4880, Train Acc: 83.2050
Val Loss: 0.5595, Val Acc: 80.9700
Epoch 112/200
Train Loss: 0.4816, Train Acc: 83.6125
Val Loss: 0.5649, Val Acc: 80.5100
Epoch 113/200
Train Loss: 0.4861, Train Acc: 83.2925
Val Loss: 0.5719, Val Acc: 80.3800
Epoch 114/200
Train Loss: 0.4829, Train Acc: 83.4300
Val Loss: 0.5616, Val Acc: 80.8500
Epoch 115/200
Train Loss: 0.4801, Train Acc: 83.3850
Val Loss: 0.5670, Val Acc: 80.5800
Epoch 116/200
Train Loss: 0.4782, Train Acc: 83.6950
Val Loss: 0.5632, Val Acc: 80.6000
Epoch 117/200
Train Loss: 0.4790, Train Acc: 83.8175
Val Loss: 0.5811, Val Acc: 80.2600
Epoch 118/200
Train Loss: 0.4743, Train Acc: 83.7725
Val Loss: 0.5532, Val Acc: 80.9700
Epoch 119/200
Train Loss: 0.4748, Train Acc: 83.8150
Val Loss: 0.5717, Val Acc: 80.6200
Epoch 120/200
Train Loss: 0.4721, Train Acc: 83.8725
Val Loss: 0.5661, Val Acc: 80.5100
Epoch 121/200
Train Loss: 0.4724, Train Acc: 83.7150
Val Loss: 0.5635, Val Acc: 80.6600
Epoch 122/200
Train Loss: 0.4704, Train Acc: 83.7850
Val Loss: 0.5752, Val Acc: 80.4200
Train Loss: 0.6978, Train Acc: 76.2325
Val Loss: 0.6913, Val Acc: 76.3400
Epoch 30/200
Train Loss: 0.6903, Train Acc: 76.4425
Val Loss: 0.6852, Val Acc: 76.5900
Epoch 31/200
Train Loss: 0.6874, Train Acc: 76.4800
Val Loss: 0.6844, Val Acc: 76.9000
Epoch 32/200
Train Loss: 0.6846, Train Acc: 76.4350
Val Loss: 0.6735, Val Acc: 77.1600
Epoch 33/200
Train Loss: 0.6739, Train Acc: 77.0675
Val Loss: 0.6715, Val Acc: 77.4500
Epoch 34/200
Train Loss: 0.6705, Train Acc: 77.1500
Val Loss: 0.6710, Val Acc: 77.1000
Epoch 35/200
Train Loss: 0.6668, Train Acc: 77.0575
Val Loss: 0.6858, Val Acc: 76.6500
Epoch 36/200
Train Loss: 0.6597, Train Acc: 77.5000
Val Loss: 0.6508, Val Acc: 77.8300
Epoch 37/200
Train Loss: 0.6518, Train Acc: 77.7225
Val Loss: 0.6477, Val Acc: 78.2700
Epoch 38/200
Train Loss: 0.6523, Train Acc: 77.5325
Val Loss: 0.6552, Val Acc: 77.8500
Epoch 39/200
Train Loss: 0.6415, Train Acc: 77.9800
Val Loss: 0.6518, Val Acc: 77.7900
Epoch 40/200
Train Loss: 0.6456, Train Acc: 77.8675
Val Loss: 0.6472, Val Acc: 78.2000
Epoch 41/200
Train Loss: 0.6358, Train Acc: 78.2275
Val Loss: 0.6334, Val Acc: 78.5400
Epoch 42/200
Train Loss: 0.6353, Train Acc: 78.1175
Val Loss: 0.6475, Val Acc: 77.8500
Epoch 43/200
Train Loss: 0.6287, Train Acc: 78.6050
Val Loss: 0.6562, Val Acc: 77.5900
Epoch 44/200
Train Loss: 0.6194, Train Acc: 78.7025
Val Loss: 0.6363, Val Acc: 78.2900
Epoch 45/200
Train Loss: 0.6205, Train Acc: 78.6675
Val Loss: 0.6355, Val Acc: 78.6100
Epoch 46/200
Train Loss: 0.6220, Train Acc: 78.6175
Val Loss: 0.6333, Val Acc: 78.0500
Epoch 47/200
Train Loss: 0.6140, Train Acc: 78.9050
Val Loss: 0.6208, Val Acc: 78.4500
Epoch 48/200
Train Loss: 0.6072, Train Acc: 79.0475
Val Loss: 0.6254, Val Acc: 78.9300
Epoch 49/200
Train Loss: 0.6088, Train Acc: 79.2425
Val Loss: 0.6236, Val Acc: 78.7900
Epoch 50/200
Train Loss: 0.6005, Train Acc: 79.7475
Val Loss: 0.6206, Val Acc: 78.9200
Epoch 51/200
Train Loss: 0.6041, Train Acc: 79.3450
Val Loss: 0.6215, Val Acc: 79.0800
Epoch 52/200
Train Loss: 0.5991, Train Acc: 79.6225
Val Loss: 0.6126, Val Acc: 78.7400
Epoch 53/200
Train Loss: 0.5957, Train Acc: 79.6300
Val Loss: 0.6089, Val Acc: 79.1600
Epoch 54/200
Train Loss: 0.5910, Train Acc: 79.7775
Val Loss: 0.6142, Val Acc: 79.3400
Epoch 55/200
Train Loss: 0.5911, Train Acc: 79.6150
Val Loss: 0.6250, Val Acc: 78.6000
Epoch 56/200
Train Loss: 0.5880, Train Acc: 79.9450
Val Loss: 0.6167, Val Acc: 78.6900
Epoch 57/200
Train Loss: 0.5831, Train Acc: 80.0575
Val Loss: 0.6051, Val Acc: 79.1400
Epoch 58/200
Train Loss: 0.5784, Train Acc: 80.0450
Val Loss: 0.6181, Val Acc: 78.8100
Epoch 59/200
Train Loss: 0.5777, Train Acc: 80.1800
Val Loss: 0.6076, Val Acc: 79.1900
Epoch 60/200
Train Loss: 0.5791, Train Acc: 79.9425
Val Loss: 0.6026, Val Acc: 79.2900
Epoch 61/200
Train Loss: 0.5700, Train Acc: 80.6025
Val Loss: 0.6008, Val Acc: 79.7400
Epoch 62/200
Train Loss: 0.5751, Train Acc: 80.3425
Val Loss: 0.5951, Val Acc: 79.3700
Epoch 63/200
Train Loss: 0.5707, Train Acc: 80.3625
Val Loss: 0.5958, Val Acc: 79.6800
Epoch 64/200
Train Loss: 0.5679, Train Acc: 80.4850
Val Loss: 0.5971, Val Acc: 79.7400
Epoch 65/200
Train Loss: 0.5606, Train Acc: 80.9675
Val Loss: 0.5887, Val Acc: 80.0300
Epoch 66/200
Train Loss: 0.5650, Train Acc: 80.6325
Val Loss: 0.5953, Val Acc: 79.7400
Epoch 67/200
Train Loss: 0.5597, Train Acc: 80.7150
Val Loss: 0.5801, Val Acc: 79.9800
Epoch 68/200
Train Loss: 0.5599, Train Acc: 80.9825
Val Loss: 0.5925, Val Acc: 79.5800
Epoch 69/200
Train Loss: 0.5547, Train Acc: 81.1500
Val Loss: 0.5854, Val Acc: 80.2600
Epoch 70/200
Train Loss: 0.5564, Train Acc: 80.8750
Val Loss: 0.5861, Val Acc: 80.3500
Epoch 71/200
Train Loss: 0.5483, Train Acc: 81.2800
Val Loss: 0.5961, Val Acc: 79.6200
Epoch 72/200
Train Loss: 0.5466, Train Acc: 81.3975
Val Loss: 0.5932, Val Acc: 80.0500
Epoch 73/200
Train Loss: 0.5470, Train Acc: 81.2875
Val Loss: 0.5993, Val Acc: 79.6500
Epoch 74/200
Train Loss: 0.5471, Train Acc: 81.2875
Val Loss: 0.5759, Val Acc: 80.3200
Epoch 75/200
Train Loss: 0.5410, Train Acc: 81.6325
Val Loss: 0.5704, Val Acc: 80.6800
Epoch 76/200
Train Loss: 0.5414, Train Acc: 81.6475
Val Loss: 0.5681, Val Acc: 80.8600
Epoch 77/200
Train Loss: 0.5441, Train Acc: 81.3875
Val Loss: 0.5878, Val Acc: 80.2700
Epoch 78/200
Train Loss: 0.5367, Train Acc: 81.7725
Val Loss: 0.5741, Val Acc: 80.5600
Epoch 79/200
Train Loss: 0.5358, Train Acc: 81.6950
Val Loss: 0.5833, Val Acc: 79.4400
Epoch 80/200
Train Loss: 0.5336, Train Acc: 81.6800
Val Loss: 0.5884, Val Acc: 79.5900
Epoch 81/200
Train Loss: 0.5323, Train Acc: 81.5475
Val Loss: 0.5746, Val Acc: 80.5700
Epoch 82/200
Train Loss: 0.5310, Train Acc: 81.7725
Val Loss: 0.5698, Val Acc: 80.7600
Epoch 83/200
Train Loss: 0.5285, Train Acc: 81.8975
Val Loss: 0.5684, Val Acc: 80.6200
Epoch 84/200
Train Loss: 0.5248, Train Acc: 82.0275
Val Loss: 0.5559, Val Acc: 80.5900
Epoch 85/200
Train Loss: 0.5301, Train Acc: 81.6000
Val Loss: 0.5581, Val Acc: 80.9800
Epoch 86/200
Train Loss: 0.5218, Train Acc: 82.0650
Val Loss: 0.5569, Val Acc: 80.9300
Epoch 87/200
Train Loss: 0.5209, Train Acc: 82.2600
Val Loss: 0.5527, Val Acc: 81.6700
Epoch 88/200
Train Loss: 0.5193, Train Acc: 82.1925
Val Loss: 0.5492, Val Acc: 81.7600
Epoch 89/200
Train Loss: 0.5138, Train Acc: 82.4700
Val Loss: 0.5525, Val Acc: 81.1900
Epoch 90/200
Train Loss: 0.5136, Train Acc: 82.4725
Val Loss: 0.5574, Val Acc: 81.1100
Epoch 91/200
Train Loss: 0.5180, Train Acc: 82.2300
Val Loss: 0.5521, Val Acc: 81.0500
Epoch 92/200
Train Loss: 0.5133, Train Acc: 82.4825
Val Loss: 0.5617, Val Acc: 80.7800
Epoch 93/200
Train Loss: 0.5139, Train Acc: 82.4200
Val Loss: 0.5483, Val Acc: 81.4100
Epoch 94/200
Train Loss: 0.5115, Train Acc: 82.5675
Val Loss: 0.5560, Val Acc: 80.9300
Epoch 95/200
Train Loss: 0.5076, Train Acc: 82.6825
Val Loss: 0.5678, Val Acc: 80.6700
Epoch 96/200
Train Loss: 0.5040, Train Acc: 83.0900
Val Loss: 0.5674, Val Acc: 80.8200
Epoch 97/200
Train Loss: 0.5085, Train Acc: 82.5700
Val Loss: 0.5537, Val Acc: 81.6500
Epoch 98/200
Train Loss: 0.5081, Train Acc: 82.4575
Val Loss: 0.5428, Val Acc: 81.8400
Epoch 99/200
Train Loss: 0.5037, Train Acc: 82.5900
Val Loss: 0.5462, Val Acc: 81.1500
Epoch 100/200
Train Loss: 0.4996, Train Acc: 82.8525
Val Loss: 0.5611, Val Acc: 80.9100
Epoch 101/200
Train Loss: 0.5037, Train Acc: 82.5975
Val Loss: 0.5532, Val Acc: 81.1200
Epoch 102/200
Train Loss: 0.4962, Train Acc: 83.1125
Val Loss: 0.5526, Val Acc: 81.1900
Epoch 103/200
Train Loss: 0.4968, Train Acc: 83.0400
Val Loss: 0.5584, Val Acc: 81.1200
Epoch 104/200
Train Loss: 0.4969, Train Acc: 83.0375
Val Loss: 0.5521, Val Acc: 80.9500
Epoch 105/200
Train Loss: 0.4996, Train Acc: 82.9800
Val Loss: 0.5485, Val Acc: 81.6400
Epoch 106/200
Train Loss: 0.4940, Train Acc: 83.1675
Val Loss: 0.5595, Val Acc: 81.0200
Epoch 107/200
Train Loss: 0.4960, Train Acc: 82.8625
Val Loss: 0.5406, Val Acc: 82.0600
Epoch 108/200
Train Loss: 0.4918, Train Acc: 83.1875
Val Loss: 0.5627, Val Acc: 80.5900
Epoch 109/200
Train Loss: 0.4892, Train Acc: 83.1500
Val Loss: 0.5528, Val Acc: 81.4200
Epoch 110/200
Train Loss: 0.4892, Train Acc: 83.2575
Val Loss: 0.5472, Val Acc: 81.4200
Epoch 111/200
Train Loss: 0.4884, Train Acc: 83.0875
Val Loss: 0.5440, Val Acc: 81.7100
Epoch 112/200
Train Loss: 0.4877, Train Acc: 83.1500
Val Loss: 0.5435, Val Acc: 81.1300
Epoch 113/200
Train Loss: 0.4814, Train Acc: 83.4650
Val Loss: 0.5351, Val Acc: 81.6800
Epoch 114/200
Train Loss: 0.4846, Train Acc: 83.2800
Val Loss: 0.5419, Val Acc: 81.7700
Epoch 115/200
Train Loss: 0.4810, Train Acc: 83.4400
Val Loss: 0.5579, Val Acc: 81.0300
Epoch 116/200
Train Loss: 0.4797, Train Acc: 83.5400
Val Loss: 0.5439, Val Acc: 81.4800
Epoch 117/200
Train Loss: 0.4800, Train Acc: 83.4725
Val Loss: 0.5427, Val Acc: 81.6600
Epoch 118/200
Train Loss: 0.4825, Train Acc: 83.2650
Val Loss: 0.5300, Val Acc: 81.8800
Epoch 119/200
Train Loss: 0.4779, Train Acc: 83.5725
Val Loss: 0.5355, Val Acc: 81.4900
Epoch 120/200
Train Loss: 0.4782, Train Acc: 83.5900
Val Loss: 0.5478, Val Acc: 81.2700
Epoch 121/200
Train Loss: 0.4743, Train Acc: 83.6350
Val Loss: 0.5305, Val Acc: 81.6700
Epoch 122/200
Train Loss: 0.4722, Train Acc: 83.9300
Val Loss: 0.5376, Val Acc: 81.7100
Epoch 123/200
Train Loss: 0.4756, Train Acc: 83.7325
Val Loss: 0.5357, Val Acc: 81.8400
Epoch 124/200
Train Loss: 0.4775, Train Acc: 83.6875
Val Loss: 0.5340, Val Acc: 81.9700
Epoch 125/200
Train Loss: 0.4749, Train Acc: 83.5500
Val Loss: 0.5371, Val Acc: 81.7500
Epoch 126/200
Train Loss: 0.4732, Train Acc: 83.6825
Val Loss: 0.5216, Val Acc: 82.3100
Epoch 127/200
Train Loss: 0.4705, Train Acc: 83.8950
Val Loss: 0.5274, Val Acc: 82.1100
Epoch 128/200
Train Loss: 0.4699, Train Acc: 83.8850
Val Loss: 0.5236, Val Acc: 82.3400
Epoch 129/200
Train Loss: 0.4703, Train Acc: 83.9275
Val Loss: 0.5277, Val Acc: 82.2100
Epoch 130/200
Train Loss: 0.4673, Train Acc: 84.0375
Val Loss: 0.5371, Val Acc: 81.2000
Epoch 131/200
Train Loss: 0.4615, Train Acc: 84.3175
Val Loss: 0.5238, Val Acc: 82.1200
Epoch 132/200
Train Loss: 0.4677, Train Acc: 83.9850
Val Loss: 0.5312, Val Acc: 82.0700
Epoch 133/200
Train Loss: 0.4639, Train Acc: 84.0225
Val Loss: 0.5294, Val Acc: 82.1900
Epoch 134/200
Train Loss: 0.4626, Train Acc: 84.2725
Val Loss: 0.5404, Val Acc: 81.5400
Epoch 135/200
Train Loss: 0.4581, Train Acc: 84.2125
Val Loss: 0.5348, Val Acc: 82.1200
Early stopping at epoch 136
Evaluation
Test Accuracy: 0.8394
Test Acc :0.8394
Ploting
Train Loss: 0.7109, Train Acc: 75.6075
Val Loss: 0.7160, Val Acc: 75.4200
Epoch 30/200
Train Loss: 0.7008, Train Acc: 76.1375
Val Loss: 0.7057, Val Acc: 76.2700
Epoch 31/200
Train Loss: 0.6988, Train Acc: 76.0125
Val Loss: 0.7110, Val Acc: 75.6400
Epoch 32/200
Train Loss: 0.6910, Train Acc: 76.4300
Val Loss: 0.7167, Val Acc: 75.9200
Epoch 33/200
Train Loss: 0.6834, Train Acc: 76.5525
Val Loss: 0.7057, Val Acc: 75.9200
Epoch 34/200
Train Loss: 0.6792, Train Acc: 76.7825
Val Loss: 0.7090, Val Acc: 76.1000
Epoch 35/200
Train Loss: 0.6716, Train Acc: 76.8775
Val Loss: 0.7054, Val Acc: 75.8600
Epoch 36/200
Train Loss: 0.6715, Train Acc: 77.1875
Val Loss: 0.6943, Val Acc: 76.0700
Epoch 37/200
Train Loss: 0.6637, Train Acc: 77.2700
Val Loss: 0.6826, Val Acc: 76.5800
Epoch 38/200
Train Loss: 0.6563, Train Acc: 77.2725
Val Loss: 0.6736, Val Acc: 77.0000
Epoch 39/200
Train Loss: 0.6542, Train Acc: 77.5675
Val Loss: 0.6801, Val Acc: 76.8300
Epoch 40/200
Train Loss: 0.6490, Train Acc: 77.8125
Val Loss: 0.6763, Val Acc: 76.5100
Epoch 41/200
Train Loss: 0.6434, Train Acc: 77.9075
Val Loss: 0.6895, Val Acc: 76.3400
Epoch 42/200
Train Loss: 0.6393, Train Acc: 78.2575
Val Loss: 0.6781, Val Acc: 76.9000
Epoch 43/200
Train Loss: 0.6360, Train Acc: 78.3375
Val Loss: 0.6634, Val Acc: 77.0600
Epoch 44/200
Train Loss: 0.6344, Train Acc: 78.4275
Val Loss: 0.6566, Val Acc: 77.5000
Epoch 45/200
Train Loss: 0.6266, Train Acc: 78.5275
Val Loss: 0.6642, Val Acc: 76.9400
Epoch 46/200
Train Loss: 0.6205, Train Acc: 78.7800
Val Loss: 0.6604, Val Acc: 77.6900
Epoch 47/200
Train Loss: 0.6204, Train Acc: 78.6550
Val Loss: 0.6551, Val Acc: 77.5800
Epoch 48/200
Train Loss: 0.6153, Train Acc: 78.7925
Val Loss: 0.6476, Val Acc: 77.6800
Epoch 49/200
Train Loss: 0.6141, Train Acc: 78.9675
Val Loss: 0.6493, Val Acc: 77.7600
Epoch 50/200
Train Loss: 0.6088, Train Acc: 79.1100
Val Loss: 0.6699, Val Acc: 77.3500
Epoch 51/200
Train Loss: 0.6076, Train Acc: 79.1750
Val Loss: 0.6528, Val Acc: 77.7600
Epoch 52/200
Train Loss: 0.6043, Train Acc: 79.4050
Val Loss: 0.6297, Val Acc: 78.7000
Epoch 53/200
Train Loss: 0.5980, Train Acc: 79.5625
Val Loss: 0.6325, Val Acc: 78.2000
Epoch 54/200
Train Loss: 0.5955, Train Acc: 79.7950
Val Loss: 0.6320, Val Acc: 78.3200
Epoch 55/200
Train Loss: 0.5963, Train Acc: 79.7025
Val Loss: 0.6204, Val Acc: 78.9200
Epoch 56/200
Train Loss: 0.5918, Train Acc: 79.6100
Val Loss: 0.6341, Val Acc: 78.5100
Epoch 57/200
Train Loss: 0.5895, Train Acc: 79.7550
Val Loss: 0.6265, Val Acc: 78.5300
Epoch 58/200
Train Loss: 0.5874, Train Acc: 79.7475
Val Loss: 0.6291, Val Acc: 78.5600
Epoch 59/200
Train Loss: 0.5834, Train Acc: 80.1075
Val Loss: 0.6328, Val Acc: 78.5500
Epoch 60/200
Train Loss: 0.5821, Train Acc: 79.9000
Val Loss: 0.6173, Val Acc: 78.9000
Epoch 61/200
Train Loss: 0.5806, Train Acc: 80.2175
Val Loss: 0.6217, Val Acc: 78.6500
Epoch 62/200
Train Loss: 0.5728, Train Acc: 80.4550
Val Loss: 0.6196, Val Acc: 78.6000
Epoch 63/200
Train Loss: 0.5755, Train Acc: 80.5625
Val Loss: 0.6255, Val Acc: 78.6700
Epoch 64/200
Train Loss: 0.5723, Train Acc: 80.2750
Val Loss: 0.6166, Val Acc: 78.8800
Epoch 65/200
Train Loss: 0.5712, Train Acc: 80.5000
Val Loss: 0.6190, Val Acc: 78.9000
Epoch 66/200
Train Loss: 0.5673, Train Acc: 80.5050
Val Loss: 0.6143, Val Acc: 79.2500
Epoch 67/200
Train Loss: 0.5619, Train Acc: 80.6000
Val Loss: 0.6127, Val Acc: 79.0700
Epoch 68/200
Train Loss: 0.5601, Train Acc: 80.8550
Val Loss: 0.6135, Val Acc: 78.8100
Epoch 69/200
Train Loss: 0.5616, Train Acc: 80.7175
Val Loss: 0.6379, Val Acc: 78.4700
Epoch 70/200
Train Loss: 0.5566, Train Acc: 81.0825
Val Loss: 0.6062, Val Acc: 79.1500
Epoch 71/200
Train Loss: 0.5561, Train Acc: 81.0200
Val Loss: 0.6059, Val Acc: 79.1600
Epoch 72/200
Train Loss: 0.5472, Train Acc: 81.2175
Val Loss: 0.6194, Val Acc: 78.4500
Epoch 73/200
Train Loss: 0.5518, Train Acc: 81.1925
Val Loss: 0.5973, Val Acc: 79.8600
Epoch 74/200
Train Loss: 0.5480, Train Acc: 81.3150
Val Loss: 0.6005, Val Acc: 79.6600
Epoch 75/200
Train Loss: 0.5461, Train Acc: 81.4875
Val Loss: 0.6146, Val Acc: 78.9800
Epoch 76/200
Train Loss: 0.5424, Train Acc: 81.5675
Val Loss: 0.5944, Val Acc: 79.4700
Epoch 77/200
Train Loss: 0.5449, Train Acc: 81.3225
Val Loss: 0.6030, Val Acc: 79.7600
Epoch 78/200
Train Loss: 0.5423, Train Acc: 81.3350
Val Loss: 0.5902, Val Acc: 79.7800
Epoch 79/200
Train Loss: 0.5398, Train Acc: 81.7700
Val Loss: 0.5944, Val Acc: 79.8400
Epoch 80/200
Train Loss: 0.5383, Train Acc: 81.6600
Val Loss: 0.6120, Val Acc: 78.8400
Epoch 81/200
Train Loss: 0.5326, Train Acc: 81.9000
Val Loss: 0.5977, Val Acc: 79.4300
Epoch 82/200
Train Loss: 0.5350, Train Acc: 81.6075
Val Loss: 0.5930, Val Acc: 79.5300
Epoch 83/200
Train Loss: 0.5331, Train Acc: 81.6125
Val Loss: 0.5897, Val Acc: 79.8600
Epoch 84/200
Train Loss: 0.5285, Train Acc: 82.1000
Val Loss: 0.5944, Val Acc: 79.6300
Epoch 85/200
Train Loss: 0.5324, Train Acc: 81.7525
Val Loss: 0.5998, Val Acc: 79.7600
Epoch 86/200
Train Loss: 0.5237, Train Acc: 82.1575
Val Loss: 0.5859, Val Acc: 80.6700
Epoch 87/200
Train Loss: 0.5224, Train Acc: 82.2425
Val Loss: 0.5908, Val Acc: 79.7700
Epoch 88/200
Train Loss: 0.5251, Train Acc: 82.0250
Val Loss: 0.5853, Val Acc: 79.9600
Epoch 89/200
Train Loss: 0.5211, Train Acc: 82.2400
Val Loss: 0.5897, Val Acc: 79.6500
Epoch 90/200
Train Loss: 0.5187, Train Acc: 82.1400
Val Loss: 0.5726, Val Acc: 80.8000
Epoch 91/200
Train Loss: 0.5171, Train Acc: 82.2900
Val Loss: 0.5776, Val Acc: 80.2100
Epoch 92/200
Train Loss: 0.5152, Train Acc: 82.4900
Val Loss: 0.5918, Val Acc: 79.3600
Epoch 93/200
Train Loss: 0.5122, Train Acc: 82.3825
Val Loss: 0.5836, Val Acc: 79.9100
Epoch 94/200
Train Loss: 0.5146, Train Acc: 82.3475
Val Loss: 0.5911, Val Acc: 79.9400
Epoch 95/200
Train Loss: 0.5123, Train Acc: 82.4400
Val Loss: 0.5976, Val Acc: 79.8000
Epoch 96/200
Train Loss: 0.5119, Train Acc: 82.5975
Val Loss: 0.6174, Val Acc: 78.8500
Epoch 97/200
Train Loss: 0.5084, Train Acc: 82.6200
Val Loss: 0.5914, Val Acc: 79.7000
Epoch 98/200
Train Loss: 0.5081, Train Acc: 82.5700
Val Loss: 0.5714, Val Acc: 80.1600
Epoch 99/200
Train Loss: 0.5049, Train Acc: 82.8125
Val Loss: 0.5709, Val Acc: 80.8200
Epoch 100/200
Train Loss: 0.5040, Train Acc: 82.9450
Val Loss: 0.5809, Val Acc: 80.5600
Epoch 101/200
Train Loss: 0.5045, Train Acc: 82.7850
Val Loss: 0.5621, Val Acc: 81.0100
Epoch 102/200
Train Loss: 0.5000, Train Acc: 82.8200
Val Loss: 0.5798, Val Acc: 80.5700
Epoch 103/200
Train Loss: 0.4986, Train Acc: 82.8575
Val Loss: 0.5689, Val Acc: 80.3000
Epoch 104/200
Train Loss: 0.5010, Train Acc: 82.8000
Val Loss: 0.5779, Val Acc: 80.3000
Epoch 105/200
Train Loss: 0.4959, Train Acc: 83.0900
Val Loss: 0.5822, Val Acc: 80.3100
Epoch 106/200
Train Loss: 0.4985, Train Acc: 82.9450
Val Loss: 0.5697, Val Acc: 80.3700
Epoch 107/200
Train Loss: 0.4941, Train Acc: 83.3700
Val Loss: 0.5695, Val Acc: 80.6100
Epoch 108/200
Train Loss: 0.4931, Train Acc: 83.0400
Val Loss: 0.5716, Val Acc: 80.5200
Epoch 109/200
Train Loss: 0.4939, Train Acc: 82.9175
Val Loss: 0.5748, Val Acc: 80.5700
Epoch 110/200
Train Loss: 0.4890, Train Acc: 83.2950
Val Loss: 0.5636, Val Acc: 80.4900
Early stopping at epoch 111
Evaluation
Test Accuracy: 0.8315
Test Acc :0.8315
Ploting
Epoch 123/200
Train Loss: 0.4657, Train Acc: 84.0475
Val Loss: 0.5625, Val Acc: 80.9700
Epoch 124/200
Train Loss: 0.4736, Train Acc: 83.9225
Val Loss: 0.5502, Val Acc: 81.4900
Epoch 125/200
Train Loss: 0.4690, Train Acc: 84.0825
Val Loss: 0.5542, Val Acc: 81.2700
Epoch 126/200
Train Loss: 0.4698, Train Acc: 83.9300
Val Loss: 0.5475, Val Acc: 81.4900
Epoch 127/200
Train Loss: 0.4671, Train Acc: 84.1725
Val Loss: 0.5542, Val Acc: 81.3400
Epoch 128/200
Train Loss: 0.4683, Train Acc: 83.9100
Val Loss: 0.5837, Val Acc: 79.9100
Epoch 129/200
Train Loss: 0.4640, Train Acc: 84.2200
Val Loss: 0.5635, Val Acc: 80.6300
Epoch 130/200
Train Loss: 0.4632, Train Acc: 84.2625
Val Loss: 0.5589, Val Acc: 81.0300
Epoch 131/200
Train Loss: 0.4614, Train Acc: 84.2125
Val Loss: 0.5467, Val Acc: 81.5900
Epoch 132/200
Train Loss: 0.4593, Train Acc: 84.3500
Val Loss: 0.5464, Val Acc: 81.7300
Epoch 133/200
Train Loss: 0.4589, Train Acc: 84.4375
Val Loss: 0.5409, Val Acc: 81.5500
Epoch 134/200
Train Loss: 0.4595, Train Acc: 84.2450
Val Loss: 0.5430, Val Acc: 81.6700
Epoch 135/200
Train Loss: 0.4550, Train Acc: 84.4725
Val Loss: 0.5480, Val Acc: 81.8300
Epoch 136/200
Train Loss: 0.4638, Train Acc: 84.1850
Val Loss: 0.5526, Val Acc: 81.2200
Epoch 137/200
Train Loss: 0.4551, Train Acc: 84.4875
Val Loss: 0.5519, Val Acc: 81.2500
Epoch 138/200
Train Loss: 0.4561, Train Acc: 84.5200
Val Loss: 0.5514, Val Acc: 81.1800
Epoch 139/200
Train Loss: 0.4530, Train Acc: 84.6500
Val Loss: 0.5481, Val Acc: 81.2600
Epoch 140/200
Train Loss: 0.4512, Train Acc: 84.6500
Val Loss: 0.5380, Val Acc: 81.4500
Epoch 141/200
Train Loss: 0.4522, Train Acc: 84.6200
Val Loss: 0.5365, Val Acc: 81.6200
Epoch 142/200
Train Loss: 0.4516, Train Acc: 84.6350
Val Loss: 0.5308, Val Acc: 81.7200
Epoch 143/200
Train Loss: 0.4519, Train Acc: 84.3800
Val Loss: 0.5503, Val Acc: 81.2900
Epoch 144/200
Train Loss: 0.4528, Train Acc: 84.3300
Val Loss: 0.5467, Val Acc: 81.5300
Epoch 145/200
Train Loss: 0.4532, Train Acc: 84.5250
Val Loss: 0.5647, Val Acc: 80.8300
Epoch 146/200
Train Loss: 0.4491, Train Acc: 84.6825
Val Loss: 0.5397, Val Acc: 81.3900
Epoch 147/200
Train Loss: 0.4470, Train Acc: 84.6000
Val Loss: 0.5535, Val Acc: 80.9800
Epoch 148/200
Train Loss: 0.4482, Train Acc: 84.8250
Val Loss: 0.5367, Val Acc: 81.9200
Epoch 149/200
Train Loss: 0.4410, Train Acc: 85.1050
Val Loss: 0.5784, Val Acc: 80.1100
Epoch 150/200
Train Loss: 0.4436, Train Acc: 84.8875
Val Loss: 0.5523, Val Acc: 81.4200
Epoch 151/200
Train Loss: 0.4462, Train Acc: 84.8975
Val Loss: 0.5371, Val Acc: 81.7500
Early stopping at epoch 152
Evaluation
Test Accuracy: 85.2200
Ploting
